Sending request for data...
<aiocoap.Message at 0x7fe96cbaacf8: None GET (ID None, token b'') remote None, 2 option(s), 4
byte(s) payload>
Received: 2 (2)                                                                      [120/628]
Done requesting data...
Sending request for data...
<aiocoap.Message at 0x7fe96cb9f828: None GET (ID None, token b'') remote None, 2 option(s), 4
byte(s) payload>
Received: 5 (7)
Requesting more data...
Sending request for data...
<aiocoap.Message at 0x7fe96cb99cf8: None GET (ID None, token b'') remote None, 2 option(s), 4
byte(s) payload>
Received: 5 (12)
Requesting more data...
Sending request for data...
<aiocoap.Message at 0x7fe96cb9fef0: None GET (ID None, token b'') remote None, 2 option(s), 4
byte(s) payload>
Received: 1 (13)
Done requesting data...
Sending request for data...
<aiocoap.Message at 0x7fe96cbaa0f0: None GET (ID None, token b'') remote None, 2 option(s), 4
byte(s) payload>
Failed to fetch resource

Waiting...
Sending request for data...
<aiocoap.Message at 0x7fe970d576d8: None GET (ID None, token b'') remote None, 2 option(s), 4
byte(s) payload>
Received: 5 (18)
Requesting more data...
Sending request for data...
<aiocoap.Message at 0x7fe96cbaa128: None GET (ID None, token b'') remote None, 2 option(s), 4
byte(s) payload>
Received: 5 (23)
Requesting more data...
Sending request for data...
<aiocoap.Message at 0x7fe96cb9fa58: None GET (ID None, token b'') remote None, 2 option(s), 4
byte(s) payload>
Received: 5 (28)
Requesting more data...
Sending request for data...
<aiocoap.Message at 0x7fe96cbaacf8: None GET (ID None, token b'') remote None, 2 option(s), 4
byte(s) payload>
Received: 5 (38)
Requesting more data...
Sending request for data...
<aiocoap.Message at 0x7fe970d576d8: None GET (ID None, token b'') remote None, 2 option(s), 4
byte(s) payload>
Received: 5 (43)
Requesting more data...
Sending request for data...
<aiocoap.Message at 0x7fe96cbaa278: None GET (ID None, token b'') remote None, 2 option(s), 4
byte(s) payload>
Received: 5 (48)
Requesting more data...
Sending request for data...
<aiocoap.Message at 0x7fe96cb9fa58: None GET (ID None, token b'') remote None, 2 option(s), 4
byte(s) payload>
Received: 5 (53)
Requesting more data...
Sending request for data...
<aiocoap.Message at 0x7fe96cbaad68: None GET (ID None, token b'') remote None, 2 option(s), 4
byte(s) payload>
Received: 5 (58)
Requesting more data...
Sending request for data...
<aiocoap.Message at 0x7fe96d734400: None GET (ID None, token b'') remote None, 2 option(s), 4
byte(s) payload>
Received: 5 (63)
Requesting more data...
Sending request for data...
<aiocoap.Message at 0x7fe970d576d8: None GET (ID None, token b'') remote None, 2 option(s), 4
byte(s) payload>
Received: 5 (68)
Requesting more data...
Sending request for data...
<aiocoap.Message at 0x7fe96cb99ba8: None GET (ID None, token b'') remote None, 2 optio
byte(s) payload>
Received: 5 (73)
Requesting more data...
Sending request for data...
<aiocoap.Message at 0x7fe96cb9fa58: None GET (ID None, token b'') remote None, 2 option(s), 4
byte(s) payload>
Received: 5 (78)
Requesting more data...
Sending request for data...
<aiocoap.Message at 0x7fe96cbaad68: None GET (ID None, token b'') remote None, 2 option(s), 4
byte(s) payload>
Received: 5 (83)
Requesting more data...
Sending request for data...
<aiocoap.Message at 0x7fe96d734400: None GET (ID None, token b'') remote None, 2 option(s), 4
byte(s) payload>
Received: 5 (88)
Requesting more data...
Sending request for data...
<aiocoap.Message at 0x7fe970d576d8: None GET (ID None, token b'') remote None, 2 option(s), 4
byte(s) payload>
Received: 5 (93)
Requesting more data...
Sending request for data...
<aiocoap.Message at 0x7fe96cb99ba8: None GET (ID None, token b'') remote None, 2 option(s), 4
byte(s) payload>
Received: 5 (98)
Requesting more data...
Sending request for data...
<aiocoap.Message at 0x7fe96cb9fa58: None GET (ID None, token b'') remote None, 2 option(s), 4
byte(s) payload>
Received: 5 (103)
Requesting more data...
Sending request for data...
<aiocoap.Message at 0x7fe96cbaad68: None GET (ID None, token b'') remote None, 2 option(s), 4
byte(s) payload>
Received: 5 (108)
Requesting more data...
Sending request for data...
<aiocoap.Message at 0x7fe96d734400: None GET (ID None, token b'') remote None, 2 option(s), 4
byte(s) payload>
Received: 5 (113)
Requesting more data...
Sending request for data...
<aiocoap.Message at 0x7fe970d576d8: None GET (ID None, token b'') remote None, 2 option(s), 4 byte(s) payload>
Received: 5 (118)
Requesting more data...
Sending request for data...
<aiocoap.Message at 0x7fe96cb99ba8: None GET (ID None, token b'') remote None, 2 option(s), 4 byte(s) payload>
Received: 5 (123)
Requesting more data...
Sending request for data...
<aiocoap.Message at 0x7fe96cb9fa58: None GET (ID None, token b'') remote None, 2 option(s), 4 byte(s) payload>
Received: 4 (127)
Done requesting data...
^CTraceback (most recent call last):
  File "coap_gateway.py", line 63, in <module>
    args.requesting))
  File "/users/philipbl/.pyenv/versions/3.5.2/lib/python3.5/asyncio/base_events.py", line 375$ in run_until_complete
    self.run_forever()
  File "/users/philipbl/.pyenv/versions/3.5.2/lib/python3.5/asyncio/base_events.py", line 345$ in run_forever
    self._run_once()
  File "/users/philipbl/.pyenv/versions/3.5.2/lib/python3.5/asyncio/base_events.py", line 127$, in _run_once
    event_list = self._selector.select(timeout)
  File "/users/philipbl/.pyenv/versions/3.5.2/lib/python3.5/selectors.py", line 441, in selec$
    fd_event_list = self._epoll.poll(timeout, max_ev)
KeyboardInterrupt
